<?xml version="1.0" encoding="UTF-8"?>
<!-- Generated by org.testng.reporters.JUnitReportReporter -->
<testsuite hostname="DESKTOP-M62ULPA" failures="0" tests="2" name="TestCase.BaseClass" time="266.949" errors="0" timestamp="2023-04-21T13:45:01 EDT" skipped="0">
  <testcase classname="TestCase.BaseClass" name="excel_header" time="5.372"/>
  <system-out/>
  <testcase classname="TestCase.BaseClass" name="scrapedata" time="261.577"/>
  <system-out/>
</testsuite> <!-- TestCase.BaseClass -->
